+-----------------+-----------------+
| Metric          | Value           |
+-----------------+-----------------+
| CPU Usage       | 63.137740185837835 |
| Memory Usage    | 89.95484928102015 |
| Disk Usage      | 97.76994332680586 |
| Timestamp       | 1773987766847   |
+-----------------+-----------------+
+-----------------+-----------------+
| Metric          | Value           |
+-----------------+-----------------+
| CPU Usage       | 34.06244620516865 |
| Memory Usage    | 51.75071178481836 |
| Disk Usage      | 76.61597660166785 |
| Timestamp       | 1773987768865   |
+-----------------+-----------------+
+-----------------+-----------------+
| Metric          | Value           |
+-----------------+-----------------+
| CPU Usage       | 58.18196696614349 |
| Memory Usage    | 9.364895301686238 |
| Disk Usage      | 35.773354005993916 |
| Timestamp       | 1773987770861   |
+-----------------+-----------------+
+-----------------+-----------------+
| Metric          | Value           |
+-----------------+-----------------+
| CPU Usage       | 95.03051593522723 |
| Memory Usage    | 9.398626334373727 |
| Disk Usage      | 13.196140225687547 |
| Timestamp       | 1773987772866   |
+-----------------+-----------------+
+-----------------+-----------------+
| Metric          | Value           |
+-----------------+-----------------+
| CPU Usage       | 31.298202436563503 |
| Memory Usage    | 87.53443234279558 |
| Disk Usage      | 0.42998817806242373 |
| Timestamp       | 1773987774855   |
+-----------------+-----------------+
+-----------------+-----------------+
| Metric          | Value           |
+-----------------+-----------------+
| CPU Usage       | 87.62863302993867 |
| Memory Usage    | 58.7882084295714 |
| Disk Usage      | 9.835392390372666 |
| Timestamp       | 1773987776856   |
+-----------------+-----------------+
+-----------------+-----------------+
| Metric          | Value           |
+-----------------+-----------------+
| CPU Usage       | 67.9975632072601 |
| Memory Usage    | 1.320595463059726 |
| Disk Usage      | 26.308121932156002 |
| Timestamp       | 1773987778857   |
+-----------------+-----------------+
+-----------------+-----------------+
| Metric          | Value           |
+-----------------+-----------------+
| CPU Usage       | 11.392000641525545 |
| Memory Usage    | 65.98728049882202 |
| Disk Usage      | 10.432730539397927 |
| Timestamp       | 1773987780853   |
+-----------------+-----------------+
+-----------------+-----------------+
| Metric          | Value           |
+-----------------+-----------------+
| CPU Usage       | 91.31431272084353 |
| Memory Usage    | 74.04892512045382 |
| Disk Usage      | 46.77785280192924 |
| Timestamp       | 1773987782855   |
+-----------------+-----------------+
+-----------------+-----------------+
| Metric          | Value           |
+-----------------+-----------------+
| CPU Usage       | 67.48738701713573 |
| Memory Usage    | 89.06762075467809 |
| Disk Usage      | 1.0207590899299013 |
| Timestamp       | 1773987784863   |
+-----------------+-----------------+
+-----------------+-----------------+
| Metric          | Value           |
+-----------------+-----------------+
| CPU Usage       | 22.01107778431831 |
| Memory Usage    | 42.96813950482892 |
| Disk Usage      | 14.268954150710123 |
| Timestamp       | 1773987786861   |
+-----------------+-----------------+
+-----------------+-----------------+
| Metric          | Value           |
+-----------------+-----------------+
| CPU Usage       | 44.50896117494333 |
| Memory Usage    | 80.46825878494984 |
| Disk Usage      | 34.71167354652685 |
| Timestamp       | 1773987788856   |
+-----------------+-----------------+
+-----------------+-----------------+
| Metric          | Value           |
+-----------------+-----------------+
| CPU Usage       | 69.17752378123436 |
| Memory Usage    | 9.55255543745781 |
| Disk Usage      | 68.93956143843455 |
| Timestamp       | 1773987790853   |
+-----------------+-----------------+
+-----------------+-----------------+
| Metric          | Value           |
+-----------------+-----------------+
| CPU Usage       | 53.52274756746016 |
| Memory Usage    | 46.25675708353416 |
| Disk Usage      | 74.1547152605831 |
| Timestamp       | 1773987792855   |
+-----------------+-----------------+
+-----------------+-----------------+
| Metric          | Value           |
+-----------------+-----------------+
| CPU Usage       | 48.32084050557369 |
| Memory Usage    | 89.94695375470002 |
| Disk Usage      | 96.30311506423268 |
| Timestamp       | 1773987794868   |
+-----------------+-----------------+
+-----------------+-----------------+
| Metric          | Value           |
+-----------------+-----------------+
| CPU Usage       | 21.293750820059508 |
| Memory Usage    | 21.645059806136878 |
| Disk Usage      | 86.76484196649416 |
| Timestamp       | 1773987796860   |
+-----------------+-----------------+
+-----------------+-----------------+
| Metric          | Value           |
+-----------------+-----------------+
| CPU Usage       | 22.339202946942084 |
| Memory Usage    | 57.40737689045361 |
| Disk Usage      | 67.26911788428697 |
| Timestamp       | 1773988051472   |
+-----------------+-----------------+
+-----------------+-----------------+
| Metric          | Value           |
+-----------------+-----------------+
| CPU Usage       | 80.6536769959872 |
| Memory Usage    | 63.57085672062433 |
| Disk Usage      | 26.956433326531283 |
| Timestamp       | 1773988053480   |
+-----------------+-----------------+
+-----------------+-----------------+
| Metric          | Value           |
+-----------------+-----------------+
| CPU Usage       | 90.4420387593532 |
| Memory Usage    | 53.496780138046105 |
| Disk Usage      | 35.0797495988856 |
| Timestamp       | 1773988055473   |
+-----------------+-----------------+
+-----------------+-----------------+
| Metric          | Value           |
+-----------------+-----------------+
| CPU Usage       | 64.02161311508097 |
| Memory Usage    | 12.658971991732404 |
| Disk Usage      | 39.400386622703806 |
| Timestamp       | 1773988057477   |
+-----------------+-----------------+
+-----------------+-----------------+
| Metric          | Value           |
+-----------------+-----------------+
| CPU Usage       | 95.82596726874132 |
| Memory Usage    | 29.92308463700889 |
| Disk Usage      | 89.27404918490923 |
| Timestamp       | 1774023158215   |
+-----------------+-----------------+
+-----------------+-----------------+
| Metric          | Value           |
+-----------------+-----------------+
| CPU Usage       | 0.18837301474696755 |
| Memory Usage    | 59.86965285864896 |
| Disk Usage      | 99.16008646079904 |
| Timestamp       | 1774023160218   |
+-----------------+-----------------+
+-----------------+-----------------+
| Metric          | Value           |
+-----------------+-----------------+
| CPU Usage       | 76.67803444783249 |
| Memory Usage    | 17.2553531114239 |
| Disk Usage      | 71.86104268883821 |
| Timestamp       | 1774023162226   |
+-----------------+-----------------+
+-----------------+-----------------+
| Metric          | Value           |
+-----------------+-----------------+
| CPU Usage       | 91.48380552870421 |
| Memory Usage    | 28.96359692684227 |
| Disk Usage      | 86.38275405488976 |
| Timestamp       | 1774023164228   |
+-----------------+-----------------+
+-----------------+-----------------+
| Metric          | Value           |
+-----------------+-----------------+
| CPU Usage       | 8.557648438206854 |
| Memory Usage    | 41.99787937100368 |
| Disk Usage      | 34.54875976562249 |
| Timestamp       | 1774023166229   |
+-----------------+-----------------+
+-----------------+-----------------+
| Metric          | Value           |
+-----------------+-----------------+
| CPU Usage       | 47.144430077043445 |
| Memory Usage    | 87.42449896313511 |
| Disk Usage      | 21.931999358247158 |
| Timestamp       | 1774023168231   |
+-----------------+-----------------+
+-----------------+-----------------+
| Metric          | Value           |
+-----------------+-----------------+
| CPU Usage       | 53.289841082138146 |
| Memory Usage    | 52.46899388534651 |
| Disk Usage      | 75.48156007752577 |
| Timestamp       | 1774024728014   |
+-----------------+-----------------+
+-----------------+-----------------+
| Metric          | Value           |
+-----------------+-----------------+
| CPU Usage       | 90.65040266425241 |
| Memory Usage    | 49.812090405345174 |
| Disk Usage      | 20.047978653176468 |
| Timestamp       | 1774024730028   |
+-----------------+-----------------+
+-----------------+-----------------+
| Metric          | Value           |
+-----------------+-----------------+
| CPU Usage       | 39.98049001902243 |
| Memory Usage    | 24.991021568812542 |
| Disk Usage      | 93.16071926746628 |
| Timestamp       | 1774024732024   |
+-----------------+-----------------+
+-----------------+-----------------+
| Metric          | Value           |
+-----------------+-----------------+
| CPU Usage       | 83.8785028304398 |
| Memory Usage    | 56.6391426830357 |
| Disk Usage      | 83.65808878012372 |
| Timestamp       | 1774024734025   |
+-----------------+-----------------+
+-----------------+-----------------+
| Metric          | Value           |
+-----------------+-----------------+
| CPU Usage       | 0.0             |
| Memory Usage    | 0.0             |
| Disk Usage      | 44.987157578093004 |
| Timestamp       | 1774103183879   |
+-----------------+-----------------+
+-----------------+-----------------+
| Metric          | Value           |
+-----------------+-----------------+
| CPU Usage       | 0.0             |
| Memory Usage    | 0.0             |
| Disk Usage      | 49.09391481591049 |
| Timestamp       | 1774103185661   |
+-----------------+-----------------+
+-----------------+-----------------+
| Metric          | Value           |
+-----------------+-----------------+
| CPU Usage       | 0.0             |
| Memory Usage    | 0.0             |
| Disk Usage      | 0.7681172347562271 |
| Timestamp       | 1774103187667   |
+-----------------+-----------------+
+-----------------+-----------------+
| Metric          | Value           |
+-----------------+-----------------+
| CPU Usage       | 0.0             |
| Memory Usage    | 0.0             |
| Disk Usage      | 74.93193669370892 |
| Timestamp       | 1774103189670   |
+-----------------+-----------------+
+-----------------+-----------------+
| Metric          | Value           |
+-----------------+-----------------+
| CPU Usage       | 0.0             |
| Memory Usage    | 0.0             |
| Disk Usage      | 57.586044268701144 |
| Timestamp       | 1774103191668   |
+-----------------+-----------------+
+-----------------+-----------------+
| Metric          | Value           |
+-----------------+-----------------+
| CPU Usage       | 0.0             |
| Memory Usage    | 0.0             |
| Disk Usage      | 81.85453701841465 |
| Timestamp       | 1774103193658   |
+-----------------+-----------------+
+-----------------+-----------------+
| Metric          | Value           |
+-----------------+-----------------+
| CPU Usage       | 0.0             |
| Memory Usage    | 0.0             |
| Disk Usage      | 98.02871939494308 |
| Timestamp       | 1774103195675   |
+-----------------+-----------------+
+-----------------+-----------------+
| Metric          | Value           |
+-----------------+-----------------+
| CPU Usage       | 0.0             |
| Memory Usage    | 0.0             |
| Disk Usage      | 80.77226712892008 |
| Timestamp       | 1774103197667   |
+-----------------+-----------------+
+-----------------+-----------------+
| Metric          | Value           |
+-----------------+-----------------+
| CPU Usage       | 0.0             |
| Memory Usage    | 0.0             |
| Disk Usage      | 19.98431096022104 |
| Timestamp       | 1774103199667   |
+-----------------+-----------------+
+-----------------+-----------------+
| Metric          | Value           |
+-----------------+-----------------+
| CPU Usage       | 0.0             |
| Memory Usage    | 0.0             |
| Disk Usage      | 36.32528831543731 |
| Timestamp       | 1774103201658   |
+-----------------+-----------------+
+-----------------+-----------------+
| Metric          | Value           |
+-----------------+-----------------+
| CPU Usage       | 0.0             |
| Memory Usage    | 0.0             |
| Disk Usage      | 11.47834725094482 |
| Timestamp       | 1774103203663   |
+-----------------+-----------------+
+-----------------+-----------------+
| Metric          | Value           |
+-----------------+-----------------+
| CPU Usage       | 0.0             |
| Memory Usage    | 0.0             |
| Disk Usage      | 48.55838014807097 |
| Timestamp       | 1774103205678   |
+-----------------+-----------------+
